<?xml version="1.0" encoding="UTF-8"?>
<testng-results skipped="0" failed="0" ignored="0" total="1" passed="1">
  <reporter-output>
  </reporter-output>
  <suite name="Default suite" duration-ms="43" started-at="2018-12-20T09:05:44Z" finished-at="2018-12-20T09:05:44Z">
    <groups>
    </groups>
    <test name="Default test" duration-ms="43" started-at="2018-12-20T09:05:44Z" finished-at="2018-12-20T09:05:44Z">
      <class name="com.panda.Case.List">
        <test-method status="PASS" signature="beforeTest()[pri:0, instance:com.panda.Case.List@5442a311]" name="beforeTest" is-config="true" duration-ms="12" started-at="2018-12-20T09:05:44Z" finished-at="2018-12-20T09:05:44Z">
          <reporter-output>
          </reporter-output>
        </test-method> <!-- beforeTest -->
        <test-method status="PASS" signature="beforeClass()[pri:0, instance:com.panda.Case.List@5442a311]" name="beforeClass" is-config="true" duration-ms="0" started-at="2018-12-20T09:05:44Z" finished-at="2018-12-20T09:05:44Z">
          <reporter-output>
          </reporter-output>
        </test-method> <!-- beforeClass -->
        <test-method status="PASS" signature="f()[pri:0, instance:com.panda.Case.List@5442a311]" name="f" duration-ms="4" started-at="2018-12-20T09:05:44Z" finished-at="2018-12-20T09:05:44Z">
          <reporter-output>
          </reporter-output>
        </test-method> <!-- f -->
        <test-method status="PASS" signature="afterClass()[pri:0, instance:com.panda.Case.List@5442a311]" name="afterClass" is-config="true" duration-ms="0" started-at="2018-12-20T09:05:44Z" finished-at="2018-12-20T09:05:44Z">
          <reporter-output>
          </reporter-output>
        </test-method> <!-- afterClass -->
        <test-method status="PASS" signature="afterTest()[pri:0, instance:com.panda.Case.List@5442a311]" name="afterTest" is-config="true" duration-ms="1" started-at="2018-12-20T09:05:44Z" finished-at="2018-12-20T09:05:44Z">
          <reporter-output>
          </reporter-output>
        </test-method> <!-- afterTest -->
      </class> <!-- com.panda.Case.List -->
    </test> <!-- Default test -->
  </suite> <!-- Default suite -->
</testng-results>
